# JRE version: Java(TM) SE Runtime Environment (21.0.1+12) (build 21.0.1+12-LTS-29)
# Java VM: Java HotSpot(TM) 64-Bit Server VM (21.0.1+12-LTS-29, mixed mode, emulated-client, sharing, tiered, compressed oops, compressed class ptrs, g1 gc, windows-amd64)
GC Precious Log:
 CardTable entry size: 512
 Card Set container configuration: InlinePtr #cards 5 size 8 Array Of Cards #cards 12 size 40 Howl #buckets 4 coarsen threshold 1843 Howl Bitmap #cards 512 size 80 coarsen threshold 460 Card regions per heap region 1 cards per card region 2048
 CPUs: 8 total, 8 available
 Memory: 16024M
 Large Page Support: Disabled
 NUMA Support: Disabled
 Compressed Oops: Enabled (32-bit)
 Heap Region Size: 1M
 Heap Min Capacity: 8M
 Heap Initial Capacity: 252M
 Heap Max Capacity: 1G
 Pre-touch: Disabled
 Parallel Workers: 8
 Concurrent Workers: 2
 Concurrent Refinement Workers: 8
 Periodic GC: Disabled
Heap:
 garbage-first heap   total 133120K, used 40480K [0x00000000c0000000, 0x0000000100000000)
  region size 1024K, 1 young (1024K), 0 survivors (0K)
 Metaspace       used 59454K, committed 60352K, reserved 1114112K
  class space    used 7648K, committed 8064K, reserved 1048576K
GC Heap History (20 events):
Event: 692281.976 GC heap after
{Heap after GC invocations=22265 (full 21695):
 garbage-first heap   total 133120K, used 40480K [0x00000000c0000000, 0x0000000100000000)
  region size 1024K, 0 young (0K), 0 survivors (0K)
 Metaspace       used 59454K, committed 60352K, reserved 1114112K
  class space    used 7648K, committed 8064K, reserved 1048576K
}
Event: 692292.348 GC heap before
{Heap before GC invocations=22265 (full 21695):
 garbage-first heap   total 133120K, used 40480K [0x00000000c0000000, 0x0000000100000000)
  region size 1024K, 1 young (1024K), 0 survivors (0K)
 Metaspace       used 59454K, committed 60352K, reserved 1114112K
  class space    used 7648K, committed 8064K, reserved 1048576K
}
Event: 692292.387 GC heap after
{Heap after GC invocations=22266 (full 21696):
 garbage-first heap   total 133120K, used 40480K [0x00000000c0000000, 0x0000000100000000)
  region size 1024K, 0 young (0K), 0 survivors (0K)
 Metaspace       used 59454K, committed 60352K, reserved 1114112K
  class space    used 7648K, committed 8064K, reserved 1048576K
}
Event: 692302.795 GC heap before
{Heap before GC invocations=22266 (full 21696):
 garbage-first heap   total 133120K, used 40480K [0x00000000c0000000, 0x0000000100000000)
  region size 1024K, 1 young (1024K), 0 survivors (0K)
 Metaspace       used 59454K, committed 60352K, reserved 1114112K
  class space    used 7648K, committed 8064K, reserved 1048576K
}
Event: 692302.829 GC heap after
{Heap after GC invocations=22267 (full 21697):
 garbage-first heap   total 133120K, used 40480K [0x00000000c0000000, 0x0000000100000000)
  region size 1024K, 0 young (0K), 0 survivors (0K)
 Metaspace       used 59454K, committed 60352K, reserved 1114112K
  class space    used 7648K, committed 8064K, reserved 1048576K
}
Event: 692313.221 GC heap before
{Heap before GC invocations=22267 (full 21697):
 garbage-first heap   total 133120K, used 40480K [0x00000000c0000000, 0x0000000100000000)
  region size 1024K, 1 young (1024K), 0 survivors (0K)
 Metaspace       used 59454K, committed 60352K, reserved 1114112K
  class space    used 7648K, committed 8064K, reserved 1048576K
}
Event: 692313.267 GC heap after
{Heap after GC invocations=22268 (full 21698):
 garbage-first heap   total 133120K, used 40480K [0x00000000c0000000, 0x0000000100000000)
  region size 1024K, 0 young (0K), 0 survivors (0K)
 Metaspace       used 59454K, committed 60352K, reserved 1114112K
  class space    used 7648K, committed 8064K, reserved 1048576K
}
Event: 692323.655 GC heap before
{Heap before GC invocations=22268 (full 21698):
 garbage-first heap   total 133120K, used 40480K [0x00000000c0000000, 0x0000000100000000)
  region size 1024K, 1 young (1024K), 0 survivors (0K)
 Metaspace       used 59454K, committed 60352K, reserved 1114112K
  class space    used 7648K, committed 8064K, reserved 1048576K
}
Event: 692323.694 GC heap after
{Heap after GC invocations=22269 (full 21699):
 garbage-first heap   total 133120K, used 40480K [0x00000000c0000000, 0x0000000100000000)
  region size 1024K, 0 young (0K), 0 survivors (0K)
 Metaspace       used 59454K, committed 60352K, reserved 1114112K
  class space    used 7648K, committed 8064K, reserved 1048576K
}
Event: 692334.104 GC heap before
{Heap before GC invocations=22269 (full 21699):
 garbage-first heap   total 133120K, used 40480K [0x00000000c0000000, 0x0000000100000000)
  region size 1024K, 1 young (1024K), 0 survivors (0K)
 Metaspace       used 59454K, committed 60352K, reserved 1114112K
  class space    used 7648K, committed 8064K, reserved 1048576K
}
Event: 692334.148 GC heap after
{Heap after GC invocations=22270 (full 21700):
 garbage-first heap   total 133120K, used 40480K [0x00000000c0000000, 0x0000000100000000)
  region size 1024K, 0 young (0K), 0 survivors (0K)
 Metaspace       used 59454K, committed 60352K, reserved 1114112K
  class space    used 7648K, committed 8064K, reserved 1048576K
}
Event: 692344.535 GC heap before
{Heap before GC invocations=22270 (full 21700):
 garbage-first heap   total 133120K, used 40480K [0x00000000c0000000, 0x0000000100000000)
  region size 1024K, 1 young (1024K), 0 survivors (0K)
 Metaspace       used 59454K, committed 60352K, reserved 1114112K
  class space    used 7648K, committed 8064K, reserved 1048576K
}
Event: 692344.574 GC heap after
{Heap after GC invocations=22271 (full 21701):
 garbage-first heap   total 133120K, used 40480K [0x00000000c0000000, 0x0000000100000000)
  region size 1024K, 0 young (0K), 0 survivors (0K)
 Metaspace       used 59454K, committed 60352K, reserved 1114112K
  class space    used 7648K, committed 8064K, reserved 1048576K
}
Event: 692354.944 GC heap before
{Heap before GC invocations=22271 (full 21701):
 garbage-first heap   total 133120K, used 40480K [0x00000000c0000000, 0x0000000100000000)
  region size 1024K, 1 young (1024K), 0 survivors (0K)
 Metaspace       used 59454K, committed 60352K, reserved 1114112K
  class space    used 7648K, committed 8064K, reserved 1048576K
}
Event: 692354.989 GC heap after
{Heap after GC invocations=22272 (full 21702):
 garbage-first heap   total 133120K, used 40480K [0x00000000c0000000, 0x0000000100000000)
  region size 1024K, 0 young (0K), 0 survivors (0K)
 Metaspace       used 59454K, committed 60352K, reserved 1114112K
  class space    used 7648K, committed 8064K, reserved 1048576K
}
Event: 692365.373 GC heap before
{Heap before GC invocations=22272 (full 21702):
 garbage-first heap   total 133120K, used 40480K [0x00000000c0000000, 0x0000000100000000)
  region size 1024K, 1 young (1024K), 0 survivors (0K)
 Metaspace       used 59454K, committed 60352K, reserved 1114112K
  class space    used 7648K, committed 8064K, reserved 1048576K
}
Event: 692365.412 GC heap after
{Heap after GC invocations=22273 (full 21703):
 garbage-first heap   total 133120K, used 40480K [0x00000000c0000000, 0x0000000100000000)
  region size 1024K, 0 young (0K), 0 survivors (0K)
 Metaspace       used 59454K, committed 60352K, reserved 1114112K
  class space    used 7648K, committed 8064K, reserved 1048576K
}
Event: 692375.785 GC heap before
{Heap before GC invocations=22273 (full 21703):
 garbage-first heap   total 133120K, used 40480K [0x00000000c0000000, 0x0000000100000000)
  region size 1024K, 1 young (1024K), 0 survivors (0K)
 Metaspace       used 59454K, committed 60352K, reserved 1114112K
  class space    used 7648K, committed 8064K, reserved 1048576K
}
Event: 692375.819 GC heap after
{Heap after GC invocations=22274 (full 21704):
 garbage-first heap   total 133120K, used 40480K [0x00000000c0000000, 0x0000000100000000)
  region size 1024K, 0 young (0K), 0 survivors (0K)
 Metaspace       used 59454K, committed 60352K, reserved 1114112K
  class space    used 7648K, committed 8064K, reserved 1048576K
}
Event: 692385.860 GC heap before
{Heap before GC invocations=22274 (full 21704):
 garbage-first heap   total 133120K, used 40480K [0x00000000c0000000, 0x0000000100000000)
  region size 1024K, 1 young (1024K), 0 survivors (0K)
 Metaspace       used 59454K, committed 60352K, reserved 1114112K
  class space    used 7648K, committed 8064K, reserved 1048576K
}

